Arguments: 
  /home/lucas/.nvm/versions/node/v18.14.0/bin/node /home/lucas/.nvm/versions/node/v18.14.0/bin/yarn

PATH: 
  /home/lucas/.nvm/versions/node/v18.14.0/bin:/usr/local/sbin:/usr/local/bin:/usr/sbin:/usr/bin:/sbin:/bin:/usr/games:/usr/local/games:/snap/bin:/snap/bin

Yarn version: 
  1.22.19

Node version: 
  18.14.0

Platform: 
  linux x64

Trace: 
  Error: EACCES: permission denied, unlink '/home/lucas/projects/ufmg/pds/tp/pds-webttrpg/backend/node_modules/.yarn-integrity'

npm manifest: 
  {
    "name": "webttrpg-back",
    "version": "1.0.0",
    "description": "",
    "main": "index.js",
    "directories": {
      "test": "test"
    },
    "scripts": {
      "dev": "nodemon --watch 'src/' --exec 'ts-node src/main.ts' -e ts",
      "start": "yarn build && node dist/main.js",
      "build": "npx tsc",
      "clean": "rm -rf dist"
    },
    "author": "",
    "license": "ISC",
    "dependencies": {
      "express": "^4.18.2",
      "pg-promise": "^11.4.3",
      "uuidv4": "^6.2.13"
    },
    "devDependencies": {
      "@types/express": "^4.17.17",
      "@types/jest": "^29.5.0",
      "jest": "^29.5.0",
      "nodemon": "^2.0.22",
      "ts-jest": "^29.0.5",
      "ts-node": "^10.9.1",
      "typescript": "^5.0.2"
    }
  }

yarn manifest: 
  No manifest

Lockfile: 
  No lockfile
